<?xml version="1.0" encoding="UTF-8"?>
<testsuite xmlns:xsi="http://www.w3.org/2001/XMLSchema-instance" xsi:noNamespaceSchemaLocation="https://maven.apache.org/surefire/maven-surefire-plugin/xsd/surefire-test-report-3.0.xsd" version="3.0" name="com.ipp.BigEventApplicationTests" time="2.54" tests="2" errors="0" skipped="0" failures="0">
  <properties>
[...]
</properties>
  <testcase name="testGet" classname="com.ipp.BigEventApplicationTests" time="0.614">
    <system-out><![CDATA[14:32:39.309 [main] INFO org.springframework.test.context.support.AnnotationConfigContextLoaderUtils -- Could not detect default configuration classes for test class [com.ipp.BigEventApplicationTests]: BigEventApplicationTests does not declare any static, non-private, non-final, nested classes annotated with @Configuration.
14:32:39.366 [main] INFO org.springframework.boot.test.context.SpringBootTestContextBootstrapper -- Found @SpringBootConfiguration com.ipp.BigEventApplication for test class com.ipp.BigEventApplicationTests

  .   ____          _            __ _ _
 /\\ / ___'_ __ _ _(_)_ __  __ _ \ \ \ \
( ( )\___ | '_ | '_| | '_ \/ _` | \ \ \ \
 \\/  ___)| |_)| | | | | || (_| |  ) ) ) )
  '  |____| .__|_| |_|_| |_\__, | / / / /
 =========|_|==============|___/=/_/_/_/
 :: Spring Boot ::                (v3.2.1)

2024-01-19T14:32:39.595+08:00  INFO 18160 --- [           main] com.ipp.BigEventApplicationTests         : Starting BigEventApplicationTests using Java 17.0.9 with PID 18160 (started by Ming in D:\Code\Java\web_demo\big-event)
2024-01-19T14:32:39.596+08:00  INFO 18160 --- [           main] com.ipp.BigEventApplicationTests         : No active profile set, falling back to 1 default profile: "default"
2024-01-19T14:32:40.047+08:00  INFO 18160 --- [           main] .s.d.r.c.RepositoryConfigurationDelegate : Multiple Spring Data modules found, entering strict repository configuration mode
2024-01-19T14:32:40.049+08:00  INFO 18160 --- [           main] .s.d.r.c.RepositoryConfigurationDelegate : Bootstrapping Spring Data Redis repositories in DEFAULT mode.
2024-01-19T14:32:40.065+08:00  INFO 18160 --- [           main] .s.d.r.c.RepositoryConfigurationDelegate : Finished Spring Data repository scanning in 4 ms. Found 0 Redis repository interfaces.
Logging initialized using 'class org.apache.ibatis.logging.stdout.StdOutImpl' adapter.


,------.                           ,--.  ,--.         ,--.                         
|  .--. '  ,--,--.  ,---.   ,---.  |  '--'  |  ,---.  |  |  ,---.   ,---.  ,--.--. 
|  '--' | ' ,-.  | | .-. | | .-. : |  .--.  | | .-. : |  | | .-. | | .-. : |  .--' 
|  | --'  \ '-'  | ' '-' ' \   --. |  |  |  | \   --. |  | | '-' ' \   --. |  |    
`--'       `--`--' .`-  /   `----' `--'  `--'  `----' `--' |  |-'   `----' `--'    
                   `---'                                   `--'                        is intercepting.

2024-01-19T14:32:41.126+08:00  INFO 18160 --- [           main] com.ipp.BigEventApplicationTests         : Started BigEventApplicationTests in 1.666 seconds (process running for 2.231)
zhangsan
null
]]></system-out>
  </testcase>
  <testcase name="testSet" classname="com.ipp.BigEventApplicationTests" time="0.006"/>
</testsuite>